# JRE version: OpenJDK Runtime Environment (8.0_152) (build 1.8.0_152-release-1343-b16-5323222)
# Java VM: OpenJDK 64-Bit Server VM (25.152-b16-5323222 mixed mode linux-amd64 compressed oops)
Heap:
 PSYoungGen      total 135680K, used 132849K [0x00000000e0000000, 0x00000000e9680000, 0x0000000100000000)
  eden space 121344K, 100% used [0x00000000e0000000,0x00000000e7680000,0x00000000e7680000)
  from space 14336K, 80% used [0x00000000e8500000,0x00000000e903c558,0x00000000e9300000)
  to   space 14848K, 77% used [0x00000000e7680000,0x00000000e81bf998,0x00000000e8500000)
 ParOldGen       total 184832K, used 18107K [0x00000000a0000000, 0x00000000ab480000, 0x00000000e0000000)
  object space 184832K, 9% used [0x00000000a0000000,0x00000000a11aefd8,0x00000000ab480000)
 Metaspace       used 56734K, capacity 58418K, committed 58536K, reserved 1099776K
  class space    used 7645K, capacity 8049K, committed 8112K, reserved 1048576K
GC Heap History (10 events):
Event: 4,021 GC heap after
Heap after GC invocations=6 (full 1):
 PSYoungGen      total 75264K, used 9647K [0x00000000e0000000, 0x00000000e7280000, 0x0000000100000000)
  eden space 64512K, 0% used [0x00000000e0000000,0x00000000e0000000,0x00000000e3f00000)
  from space 10752K, 89% used [0x00000000e3f00000,0x00000000e486be38,0x00000000e4980000)
  to   space 12800K, 0% used [0x00000000e6600000,0x00000000e6600000,0x00000000e7280000)
 ParOldGen       total 112128K, used 10822K [0x00000000a0000000, 0x00000000a6d80000, 0x00000000e0000000)
  object space 112128K, 9% used [0x00000000a0000000,0x00000000a0a91838,0x00000000a6d80000)
 Metaspace       used 32002K, capacity 32710K, committed 32816K, reserved 1077248K
  class space    used 4418K, capacity 4624K, committed 4656K, reserved 1048576K
}
Event: 6,046 GC heap before
{Heap before GC invocations=7 (full 1):
 PSYoungGen      total 75264K, used 63316K [0x00000000e0000000, 0x00000000e7280000, 0x0000000100000000)
  eden space 64512K, 83% used [0x00000000e0000000,0x00000000e3469430,0x00000000e3f00000)
  from space 10752K, 89% used [0x00000000e3f00000,0x00000000e486be38,0x00000000e4980000)
  to   space 12800K, 0% used [0x00000000e6600000,0x00000000e6600000,0x00000000e7280000)
 ParOldGen       total 112128K, used 10822K [0x00000000a0000000, 0x00000000a6d80000, 0x00000000e0000000)
  object space 112128K, 9% used [0x00000000a0000000,0x00000000a0a91838,0x00000000a6d80000)
 Metaspace       used 34538K, capacity 35430K, committed 35496K, reserved 1079296K
  class space    used 4789K, capacity 4995K, committed 5040K, reserved 1048576K
Event: 6,057 GC heap after
Heap after GC invocations=7 (full 1):
 PSYoungGen      total 103424K, used 10735K [0x00000000e0000000, 0x00000000e7280000, 0x0000000100000000)
  eden space 90624K, 0% used [0x00000000e0000000,0x00000000e0000000,0x00000000e5880000)
  from space 12800K, 83% used [0x00000000e6600000,0x00000000e707bdf8,0x00000000e7280000)
  to   space 13312K, 0% used [0x00000000e5880000,0x00000000e5880000,0x00000000e6580000)
 ParOldGen       total 112128K, used 10830K [0x00000000a0000000, 0x00000000a6d80000, 0x00000000e0000000)
  object space 112128K, 9% used [0x00000000a0000000,0x00000000a0a93838,0x00000000a6d80000)
 Metaspace       used 34538K, capacity 35430K, committed 35496K, reserved 1079296K
  class space    used 4789K, capacity 4995K, committed 5040K, reserved 1048576K
}
Event: 6,057 GC heap before
{Heap before GC invocations=8 (full 2):
 PSYoungGen      total 103424K, used 10735K [0x00000000e0000000, 0x00000000e7280000, 0x0000000100000000)
  eden space 90624K, 0% used [0x00000000e0000000,0x00000000e0000000,0x00000000e5880000)
  from space 12800K, 83% used [0x00000000e6600000,0x00000000e707bdf8,0x00000000e7280000)
  to   space 13312K, 0% used [0x00000000e5880000,0x00000000e5880000,0x00000000e6580000)
 ParOldGen       total 112128K, used 10830K [0x00000000a0000000, 0x00000000a6d80000, 0x00000000e0000000)
  object space 112128K, 9% used [0x00000000a0000000,0x00000000a0a93838,0x00000000a6d80000)
 Metaspace       used 34538K, capacity 35430K, committed 35496K, reserved 1079296K
  class space    used 4789K, capacity 4995K, committed 5040K, reserved 1048576K
Event: 6,107 GC heap after
Heap after GC invocations=8 (full 2):
 PSYoungGen      total 103424K, used 0K [0x00000000e0000000, 0x00000000e7280000, 0x0000000100000000)
  eden space 90624K, 0% used [0x00000000e0000000,0x00000000e0000000,0x00000000e5880000)
  from space 12800K, 0% used [0x00000000e6600000,0x00000000e6600000,0x00000000e7280000)
  to   space 13312K, 0% used [0x00000000e5880000,0x00000000e5880000,0x00000000e6580000)
 ParOldGen       total 184832K, used 18019K [0x00000000a0000000, 0x00000000ab480000, 0x00000000e0000000)
  object space 184832K, 9% used [0x00000000a0000000,0x00000000a1198fc8,0x00000000ab480000)
 Metaspace       used 34526K, capacity 35388K, committed 35496K, reserved 1079296K
  class space    used 4785K, capacity 4988K, committed 5040K, reserved 1048576K
}
Event: 7,866 GC heap before
{Heap before GC invocations=9 (full 2):
 PSYoungGen      total 103424K, used 90624K [0x00000000e0000000, 0x00000000e7280000, 0x0000000100000000)
  eden space 90624K, 100% used [0x00000000e0000000,0x00000000e5880000,0x00000000e5880000)
  from space 12800K, 0% used [0x00000000e6600000,0x00000000e6600000,0x00000000e7280000)
  to   space 13312K, 0% used [0x00000000e5880000,0x00000000e5880000,0x00000000e6580000)
 ParOldGen       total 184832K, used 18019K [0x00000000a0000000, 0x00000000ab480000, 0x00000000e0000000)
  object space 184832K, 9% used [0x00000000a0000000,0x00000000a1198fc8,0x00000000ab480000)
 Metaspace       used 44368K, capacity 45526K, committed 45736K, reserved 1089536K
  class space    used 5989K, capacity 6275K, committed 6320K, reserved 1048576K
Event: 7,876 GC heap after
Heap after GC invocations=9 (full 2):
 PSYoungGen      total 103936K, used 12734K [0x00000000e0000000, 0x00000000e9300000, 0x0000000100000000)
  eden space 90624K, 0% used [0x00000000e0000000,0x00000000e0000000,0x00000000e5880000)
  from space 13312K, 95% used [0x00000000e5880000,0x00000000e64efac8,0x00000000e6580000)
  to   space 14336K, 0% used [0x00000000e8500000,0x00000000e8500000,0x00000000e9300000)
 ParOldGen       total 184832K, used 18027K [0x00000000a0000000, 0x00000000ab480000, 0x00000000e0000000)
  object space 184832K, 9% used [0x00000000a0000000,0x00000000a119afc8,0x00000000ab480000)
 Metaspace       used 44368K, capacity 45526K, committed 45736K, reserved 1089536K
  class space    used 5989K, capacity 6275K, committed 6320K, reserved 1048576K
}
Event: 8,697 GC heap before
{Heap before GC invocations=10 (full 2):
 PSYoungGen      total 103936K, used 103358K [0x00000000e0000000, 0x00000000e9300000, 0x0000000100000000)
  eden space 90624K, 100% used [0x00000000e0000000,0x00000000e5880000,0x00000000e5880000)
  from space 13312K, 95% used [0x00000000e5880000,0x00000000e64efac8,0x00000000e6580000)
  to   space 14336K, 0% used [0x00000000e8500000,0x00000000e8500000,0x00000000e9300000)
 ParOldGen       total 184832K, used 18027K [0x00000000a0000000, 0x00000000ab480000, 0x00000000e0000000)
  object space 184832K, 9% used [0x00000000a0000000,0x00000000a119afc8,0x00000000ab480000)
 Metaspace       used 50226K, capacity 51418K, committed 51624K, reserved 1093632K
  class space    used 6767K, capacity 7043K, committed 7088K, reserved 1048576K
Event: 8,705 GC heap after
Heap after GC invocations=10 (full 2):
 PSYoungGen      total 135680K, used 11505K [0x00000000e0000000, 0x00000000e9680000, 0x0000000100000000)
  eden space 121344K, 0% used [0x00000000e0000000,0x00000000e0000000,0x00000000e7680000)
  from space 14336K, 80% used [0x00000000e8500000,0x00000000e903c558,0x00000000e9300000)
  to   space 14848K, 0% used [0x00000000e7680000,0x00000000e7680000,0x00000000e8500000)
 ParOldGen       total 184832K, used 18099K [0x00000000a0000000, 0x00000000ab480000, 0x00000000e0000000)
  object space 184832K, 9% used [0x00000000a0000000,0x00000000a11acfd8,0x00000000ab480000)
 Metaspace       used 50226K, capacity 51418K, committed 51624K, reserved 1093632K
  class space    used 6767K, capacity 7043K, committed 7088K, reserved 1048576K
}
Event: 9,696 GC heap before
{Heap before GC invocations=11 (full 2):
 PSYoungGen      total 135680K, used 132849K [0x00000000e0000000, 0x00000000e9680000, 0x0000000100000000)
  eden space 121344K, 100% used [0x00000000e0000000,0x00000000e7680000,0x00000000e7680000)
  from space 14336K, 80% used [0x00000000e8500000,0x00000000e903c558,0x00000000e9300000)
  to   space 14848K, 0% used [0x00000000e7680000,0x00000000e7680000,0x00000000e8500000)
 ParOldGen       total 184832K, used 18099K [0x00000000a0000000, 0x00000000ab480000, 0x00000000e0000000)
  object space 184832K, 9% used [0x00000000a0000000,0x00000000a11acfd8,0x00000000ab480000)
 Metaspace       used 56734K, capacity 58418K, committed 58536K, reserved 1099776K
  class space    used 7645K, capacity 8049K, committed 8112K, reserved 1048576K

