# JRE version: OpenJDK Runtime Environment (8.0_152) (build 1.8.0_152-release-1343-b16-5323222)
# Java VM: OpenJDK 64-Bit Server VM (25.152-b16-5323222 mixed mode linux-amd64 compressed oops)
Heap:
 PSYoungGen      total 139776K, used 71278K [0x00000000e0000000, 0x00000000ed000000, 0x0000000100000000)
  eden space 129024K, 55% used [0x00000000e0000000,0x00000000e459bbf0,0x00000000e7e00000)
  from space 10752K, 0% used [0x00000000e7e00000,0x00000000e7e00000,0x00000000e8880000)
  to   space 13824K, 0% used [0x00000000ec280000,0x00000000ec280000,0x00000000ed000000)
 ParOldGen       total 173568K, used 17318K [0x00000000a0000000, 0x00000000aa980000, 0x00000000e0000000)
  object space 173568K, 9% used [0x00000000a0000000,0x00000000a10e9b98,0x00000000aa980000)
 Metaspace       used 42712K, capacity 43576K, committed 43944K, reserved 1087488K
  class space    used 5787K, capacity 6034K, committed 6064K, reserved 1048576K
GC Heap History (10 events):
Event: 2,503 GC heap before
{Heap before GC invocations=3 (full 0):
 PSYoungGen      total 139776K, used 59972K [0x00000000e0000000, 0x00000000e9300000, 0x0000000100000000)
  eden space 129024K, 38% used [0x00000000e0000000,0x00000000e30763d0,0x00000000e7e00000)
  from space 10752K, 96% used [0x00000000e8880000,0x00000000e929ad70,0x00000000e9300000)
  to   space 10752K, 0% used [0x00000000e7e00000,0x00000000e7e00000,0x00000000e8880000)
 ParOldGen       total 172032K, used 16K [0x00000000a0000000, 0x00000000aa800000, 0x00000000e0000000)
  object space 172032K, 0% used [0x00000000a0000000,0x00000000a0004000,0x00000000aa800000)
 Metaspace       used 20675K, capacity 21192K, committed 21296K, reserved 1067008K
  class space    used 2893K, capacity 3090K, committed 3120K, reserved 1048576K
Event: 2,511 GC heap after
Heap after GC invocations=3 (full 0):
 PSYoungGen      total 139776K, used 10737K [0x00000000e0000000, 0x00000000e9300000, 0x0000000100000000)
  eden space 129024K, 0% used [0x00000000e0000000,0x00000000e0000000,0x00000000e7e00000)
  from space 10752K, 99% used [0x00000000e7e00000,0x00000000e887c460,0x00000000e8880000)
  to   space 10752K, 0% used [0x00000000e8880000,0x00000000e8880000,0x00000000e9300000)
 ParOldGen       total 172032K, used 332K [0x00000000a0000000, 0x00000000aa800000, 0x00000000e0000000)
  object space 172032K, 0% used [0x00000000a0000000,0x00000000a0053398,0x00000000aa800000)
 Metaspace       used 20675K, capacity 21192K, committed 21296K, reserved 1067008K
  class space    used 2893K, capacity 3090K, committed 3120K, reserved 1048576K
}
Event: 2,511 GC heap before
{Heap before GC invocations=4 (full 1):
 PSYoungGen      total 139776K, used 10737K [0x00000000e0000000, 0x00000000e9300000, 0x0000000100000000)
  eden space 129024K, 0% used [0x00000000e0000000,0x00000000e0000000,0x00000000e7e00000)
  from space 10752K, 99% used [0x00000000e7e00000,0x00000000e887c460,0x00000000e8880000)
  to   space 10752K, 0% used [0x00000000e8880000,0x00000000e8880000,0x00000000e9300000)
 ParOldGen       total 172032K, used 332K [0x00000000a0000000, 0x00000000aa800000, 0x00000000e0000000)
  object space 172032K, 0% used [0x00000000a0000000,0x00000000a0053398,0x00000000aa800000)
 Metaspace       used 20675K, capacity 21192K, committed 21296K, reserved 1067008K
  class space    used 2893K, capacity 3090K, committed 3120K, reserved 1048576K
Event: 2,536 GC heap after
Heap after GC invocations=4 (full 1):
 PSYoungGen      total 139776K, used 0K [0x00000000e0000000, 0x00000000e9300000, 0x0000000100000000)
  eden space 129024K, 0% used [0x00000000e0000000,0x00000000e0000000,0x00000000e7e00000)
  from space 10752K, 0% used [0x00000000e7e00000,0x00000000e7e00000,0x00000000e8880000)
  to   space 10752K, 0% used [0x00000000e8880000,0x00000000e8880000,0x00000000e9300000)
 ParOldGen       total 109056K, used 10773K [0x00000000a0000000, 0x00000000a6a80000, 0x00000000e0000000)
  object space 109056K, 9% used [0x00000000a0000000,0x00000000a0a856e8,0x00000000a6a80000)
 Metaspace       used 20675K, capacity 21192K, committed 21296K, reserved 1067008K
  class space    used 2893K, capacity 3090K, committed 3120K, reserved 1048576K
}
Event: 3,713 GC heap before
{Heap before GC invocations=5 (full 1):
 PSYoungGen      total 139776K, used 129024K [0x00000000e0000000, 0x00000000e9300000, 0x0000000100000000)
  eden space 129024K, 100% used [0x00000000e0000000,0x00000000e7e00000,0x00000000e7e00000)
  from space 10752K, 0% used [0x00000000e7e00000,0x00000000e7e00000,0x00000000e8880000)
  to   space 10752K, 0% used [0x00000000e8880000,0x00000000e8880000,0x00000000e9300000)
 ParOldGen       total 109056K, used 10773K [0x00000000a0000000, 0x00000000a6a80000, 0x00000000e0000000)
  object space 109056K, 9% used [0x00000000a0000000,0x00000000a0a856e8,0x00000000a6a80000)
 Metaspace       used 31654K, capacity 32190K, committed 32432K, reserved 1077248K
  class space    used 4364K, capacity 4525K, committed 4528K, reserved 1048576K
Event: 3,723 GC heap after
Heap after GC invocations=5 (full 1):
 PSYoungGen      total 139776K, used 10750K [0x00000000e0000000, 0x00000000ecf80000, 0x0000000100000000)
  eden space 129024K, 0% used [0x00000000e0000000,0x00000000e0000000,0x00000000e7e00000)
  from space 10752K, 99% used [0x00000000e8880000,0x00000000e92ffa08,0x00000000e9300000)
  to   space 10752K, 0% used [0x00000000e7e00000,0x00000000e7e00000,0x00000000e8880000)
 ParOldGen       total 109056K, used 12616K [0x00000000a0000000, 0x00000000a6a80000, 0x00000000e0000000)
  object space 109056K, 11% used [0x00000000a0000000,0x00000000a0c521e8,0x00000000a6a80000)
 Metaspace       used 31654K, capacity 32190K, committed 32432K, reserved 1077248K
  class space    used 4364K, capacity 4525K, committed 4528K, reserved 1048576K
}
Event: 5,578 GC heap before
{Heap before GC invocations=6 (full 1):
 PSYoungGen      total 139776K, used 62765K [0x00000000e0000000, 0x00000000ecf80000, 0x0000000100000000)
  eden space 129024K, 40% used [0x00000000e0000000,0x00000000e32cbc58,0x00000000e7e00000)
  from space 10752K, 99% used [0x00000000e8880000,0x00000000e92ffa08,0x00000000e9300000)
  to   space 10752K, 0% used [0x00000000e7e00000,0x00000000e7e00000,0x00000000e8880000)
 ParOldGen       total 109056K, used 12616K [0x00000000a0000000, 0x00000000a6a80000, 0x00000000e0000000)
  object space 109056K, 11% used [0x00000000a0000000,0x00000000a0c521e8,0x00000000a6a80000)
 Metaspace       used 34694K, capacity 35436K, committed 35496K, reserved 1079296K
  class space    used 4798K, capacity 5033K, committed 5040K, reserved 1048576K
Event: 5,584 GC heap after
Heap after GC invocations=6 (full 1):
 PSYoungGen      total 139776K, used 10132K [0x00000000e0000000, 0x00000000ed000000, 0x0000000100000000)
  eden space 129024K, 0% used [0x00000000e0000000,0x00000000e0000000,0x00000000e7e00000)
  from space 10752K, 94% used [0x00000000e7e00000,0x00000000e87e50c8,0x00000000e8880000)
  to   space 13824K, 0% used [0x00000000ec280000,0x00000000ec280000,0x00000000ed000000)
 ParOldGen       total 109056K, used 12624K [0x00000000a0000000, 0x00000000a6a80000, 0x00000000e0000000)
  object space 109056K, 11% used [0x00000000a0000000,0x00000000a0c541e8,0x00000000a6a80000)
 Metaspace       used 34694K, capacity 35436K, committed 35496K, reserved 1079296K
  class space    used 4798K, capacity 5033K, committed 5040K, reserved 1048576K
}
Event: 5,584 GC heap before
{Heap before GC invocations=7 (full 2):
 PSYoungGen      total 139776K, used 10132K [0x00000000e0000000, 0x00000000ed000000, 0x0000000100000000)
  eden space 129024K, 0% used [0x00000000e0000000,0x00000000e0000000,0x00000000e7e00000)
  from space 10752K, 94% used [0x00000000e7e00000,0x00000000e87e50c8,0x00000000e8880000)
  to   space 13824K, 0% used [0x00000000ec280000,0x00000000ec280000,0x00000000ed000000)
 ParOldGen       total 109056K, used 12624K [0x00000000a0000000, 0x00000000a6a80000, 0x00000000e0000000)
  object space 109056K, 11% used [0x00000000a0000000,0x00000000a0c541e8,0x00000000a6a80000)
 Metaspace       used 34694K, capacity 35436K, committed 35496K, reserved 1079296K
  class space    used 4798K, capacity 5033K, committed 5040K, reserved 1048576K
Event: 5,618 GC heap after
Heap after GC invocations=7 (full 2):
 PSYoungGen      total 139776K, used 0K [0x00000000e0000000, 0x00000000ed000000, 0x0000000100000000)
  eden space 129024K, 0% used [0x00000000e0000000,0x00000000e0000000,0x00000000e7e00000)
  from space 10752K, 0% used [0x00000000e7e00000,0x00000000e7e00000,0x00000000e8880000)
  to   space 13824K, 0% used [0x00000000ec280000,0x00000000ec280000,0x00000000ed000000)
 ParOldGen       total 173568K, used 17318K [0x00000000a0000000, 0x00000000aa980000, 0x00000000e0000000)
  object space 173568K, 9% used [0x00000000a0000000,0x00000000a10e9b98,0x00000000aa980000)
 Metaspace       used 34683K, capacity 35400K, committed 35496K, reserved 1079296K
  class space    used 4795K, capacity 5027K, committed 5040K, reserved 1048576K
}

