# JRE version: OpenJDK Runtime Environment (8.0_152) (build 1.8.0_152-release-1343-b16-5323222)
# Java VM: OpenJDK 64-Bit Server VM (25.152-b16-5323222 mixed mode linux-amd64 compressed oops)
Heap:
 PSYoungGen      total 270848K, used 161595K [0x00000000e0000000, 0x00000000f7180000, 0x0000000100000000)
  eden space 251392K, 57% used [0x00000000e0000000,0x00000000e8d540e0,0x00000000ef580000)
  from space 19456K, 86% used [0x00000000ef580000,0x00000000f05faed0,0x00000000f0880000)
  to   space 20480K, 0% used [0x00000000f5d80000,0x00000000f5d80000,0x00000000f7180000)
 ParOldGen       total 230400K, used 26247K [0x00000000a0000000, 0x00000000ae100000, 0x00000000e0000000)
  object space 230400K, 11% used [0x00000000a0000000,0x00000000a19a1e28,0x00000000ae100000)
 Metaspace       used 70316K, capacity 72844K, committed 73128K, reserved 1112064K
  class space    used 9331K, capacity 9809K, committed 9904K, reserved 1048576K
GC Heap History (10 events):
Event: 7,143 GC heap before
{Heap before GC invocations=8 (full 2):
 PSYoungGen      total 139776K, used 129024K [0x00000000e0000000, 0x00000000ecb00000, 0x0000000100000000)
  eden space 129024K, 100% used [0x00000000e0000000,0x00000000e7e00000,0x00000000e7e00000)
  from space 10752K, 0% used [0x00000000e7e00000,0x00000000e7e00000,0x00000000e8880000)
  to   space 13824K, 0% used [0x00000000ebd80000,0x00000000ebd80000,0x00000000ecb00000)
 ParOldGen       total 182784K, used 17269K [0x00000000a0000000, 0x00000000ab280000, 0x00000000e0000000)
  object space 182784K, 9% used [0x00000000a0000000,0x00000000a10dd540,0x00000000ab280000)
 Metaspace       used 45087K, capacity 46104K, committed 46376K, reserved 1089536K
  class space    used 6078K, capacity 6349K, committed 6448K, reserved 1048576K
Event: 7,159 GC heap after
Heap after GC invocations=8 (full 2):
 PSYoungGen      total 191488K, used 13800K [0x00000000e0000000, 0x00000000ecc80000, 0x0000000100000000)
  eden space 177664K, 0% used [0x00000000e0000000,0x00000000e0000000,0x00000000ead80000)
  from space 13824K, 99% used [0x00000000ebd80000,0x00000000ecafa048,0x00000000ecb00000)
  to   space 15872K, 0% used [0x00000000ead80000,0x00000000ead80000,0x00000000ebd00000)
 ParOldGen       total 182784K, used 18065K [0x00000000a0000000, 0x00000000ab280000, 0x00000000e0000000)
  object space 182784K, 9% used [0x00000000a0000000,0x00000000a11a4740,0x00000000ab280000)
 Metaspace       used 45087K, capacity 46104K, committed 46376K, reserved 1089536K
  class space    used 6078K, capacity 6349K, committed 6448K, reserved 1048576K
}
Event: 8,819 GC heap before
{Heap before GC invocations=9 (full 2):
 PSYoungGen      total 191488K, used 191464K [0x00000000e0000000, 0x00000000ecc80000, 0x0000000100000000)
  eden space 177664K, 100% used [0x00000000e0000000,0x00000000ead80000,0x00000000ead80000)
  from space 13824K, 99% used [0x00000000ebd80000,0x00000000ecafa048,0x00000000ecb00000)
  to   space 15872K, 0% used [0x00000000ead80000,0x00000000ead80000,0x00000000ebd00000)
 ParOldGen       total 182784K, used 18065K [0x00000000a0000000, 0x00000000ab280000, 0x00000000e0000000)
  object space 182784K, 9% used [0x00000000a0000000,0x00000000a11a4740,0x00000000ab280000)
 Metaspace       used 56923K, capacity 58514K, committed 58792K, reserved 1099776K
  class space    used 7675K, capacity 8048K, committed 8112K, reserved 1048576K
Event: 8,841 GC heap after
Heap after GC invocations=9 (full 2):
 PSYoungGen      total 193536K, used 15853K [0x00000000e0000000, 0x00000000f1c00000, 0x0000000100000000)
  eden space 177664K, 0% used [0x00000000e0000000,0x00000000e0000000,0x00000000ead80000)
  from space 15872K, 99% used [0x00000000ead80000,0x00000000ebcfb7b8,0x00000000ebd00000)
  to   space 19968K, 0% used [0x00000000f0880000,0x00000000f0880000,0x00000000f1c00000)
 ParOldGen       total 182784K, used 23050K [0x00000000a0000000, 0x00000000ab280000, 0x00000000e0000000)
  object space 182784K, 12% used [0x00000000a0000000,0x00000000a16828b8,0x00000000ab280000)
 Metaspace       used 56923K, capacity 58514K, committed 58792K, reserved 1099776K
  class space    used 7675K, capacity 8048K, committed 8112K, reserved 1048576K
}
Event: 8,982 GC heap before
{Heap before GC invocations=10 (full 2):
 PSYoungGen      total 193536K, used 26053K [0x00000000e0000000, 0x00000000f1c00000, 0x0000000100000000)
  eden space 177664K, 5% used [0x00000000e0000000,0x00000000e09f5d80,0x00000000ead80000)
  from space 15872K, 99% used [0x00000000ead80000,0x00000000ebcfb7b8,0x00000000ebd00000)
  to   space 19968K, 0% used [0x00000000f0880000,0x00000000f0880000,0x00000000f1c00000)
 ParOldGen       total 182784K, used 23050K [0x00000000a0000000, 0x00000000ab280000, 0x00000000e0000000)
  object space 182784K, 12% used [0x00000000a0000000,0x00000000a16828b8,0x00000000ab280000)
 Metaspace       used 57407K, capacity 59024K, committed 59160K, reserved 1099776K
  class space    used 7739K, capacity 8087K, committed 8112K, reserved 1048576K
Event: 9,002 GC heap after
Heap after GC invocations=10 (full 2):
 PSYoungGen      total 271360K, used 12190K [0x00000000e0000000, 0x00000000f5380000, 0x0000000100000000)
  eden space 251392K, 0% used [0x00000000e0000000,0x00000000e0000000,0x00000000ef580000)
  from space 19968K, 61% used [0x00000000f0880000,0x00000000f1467978,0x00000000f1c00000)
  to   space 19456K, 0% used [0x00000000ef580000,0x00000000ef580000,0x00000000f0880000)
 ParOldGen       total 182784K, used 23050K [0x00000000a0000000, 0x00000000ab280000, 0x00000000e0000000)
  object space 182784K, 12% used [0x00000000a0000000,0x00000000a16828b8,0x00000000ab280000)
 Metaspace       used 57407K, capacity 59024K, committed 59160K, reserved 1099776K
  class space    used 7739K, capacity 8087K, committed 8112K, reserved 1048576K
}
Event: 9,002 GC heap before
{Heap before GC invocations=11 (full 3):
 PSYoungGen      total 271360K, used 12190K [0x00000000e0000000, 0x00000000f5380000, 0x0000000100000000)
  eden space 251392K, 0% used [0x00000000e0000000,0x00000000e0000000,0x00000000ef580000)
  from space 19968K, 61% used [0x00000000f0880000,0x00000000f1467978,0x00000000f1c00000)
  to   space 19456K, 0% used [0x00000000ef580000,0x00000000ef580000,0x00000000f0880000)
 ParOldGen       total 182784K, used 23050K [0x00000000a0000000, 0x00000000ab280000, 0x00000000e0000000)
  object space 182784K, 12% used [0x00000000a0000000,0x00000000a16828b8,0x00000000ab280000)
 Metaspace       used 57407K, capacity 59024K, committed 59160K, reserved 1099776K
  class space    used 7739K, capacity 8087K, committed 8112K, reserved 1048576K
Event: 9,142 GC heap after
Heap after GC invocations=11 (full 3):
 PSYoungGen      total 271360K, used 0K [0x00000000e0000000, 0x00000000f5380000, 0x0000000100000000)
  eden space 251392K, 0% used [0x00000000e0000000,0x00000000e0000000,0x00000000ef580000)
  from space 19968K, 0% used [0x00000000f0880000,0x00000000f0880000,0x00000000f1c00000)
  to   space 19456K, 0% used [0x00000000ef580000,0x00000000ef580000,0x00000000f0880000)
 ParOldGen       total 230400K, used 26239K [0x00000000a0000000, 0x00000000ae100000, 0x00000000e0000000)
  object space 230400K, 11% used [0x00000000a0000000,0x00000000a199fe28,0x00000000ae100000)
 Metaspace       used 57407K, capacity 59024K, committed 59160K, reserved 1099776K
  class space    used 7739K, capacity 8087K, committed 8112K, reserved 1048576K
}
Event: 14,575 GC heap before
{Heap before GC invocations=12 (full 3):
 PSYoungGen      total 271360K, used 251392K [0x00000000e0000000, 0x00000000f5380000, 0x0000000100000000)
  eden space 251392K, 100% used [0x00000000e0000000,0x00000000ef580000,0x00000000ef580000)
  from space 19968K, 0% used [0x00000000f0880000,0x00000000f0880000,0x00000000f1c00000)
  to   space 19456K, 0% used [0x00000000ef580000,0x00000000ef580000,0x00000000f0880000)
 ParOldGen       total 230400K, used 26239K [0x00000000a0000000, 0x00000000ae100000, 0x00000000e0000000)
  object space 230400K, 11% used [0x00000000a0000000,0x00000000a199fe28,0x00000000ae100000)
 Metaspace       used 65817K, capacity 68182K, committed 68392K, reserved 1107968K
  class space    used 8965K, capacity 9488K, committed 9520K, reserved 1048576K
Event: 14,587 GC heap after
Heap after GC invocations=12 (full 3):
 PSYoungGen      total 270848K, used 16875K [0x00000000e0000000, 0x00000000f7180000, 0x0000000100000000)
  eden space 251392K, 0% used [0x00000000e0000000,0x00000000e0000000,0x00000000ef580000)
  from space 19456K, 86% used [0x00000000ef580000,0x00000000f05faed0,0x00000000f0880000)
  to   space 20480K, 0% used [0x00000000f5d80000,0x00000000f5d80000,0x00000000f7180000)
 ParOldGen       total 230400K, used 26247K [0x00000000a0000000, 0x00000000ae100000, 0x00000000e0000000)
  object space 230400K, 11% used [0x00000000a0000000,0x00000000a19a1e28,0x00000000ae100000)
 Metaspace       used 65817K, capacity 68182K, committed 68392K, reserved 1107968K
  class space    used 8965K, capacity 9488K, committed 9520K, reserved 1048576K
}

